<?xml version="1.0" encoding="UTF-8"?>
<testsuite name="Ebay" tests="1" skipped="0" failures="0" errors="0" timestamp="2020-02-22T13:13:11" hostname="Vladimir" time="10.407">
  <properties/>
  <testcase name="openChromeTest" classname="Ebay" time="10.407"/>
  <system-out><![CDATA[]]></system-out>
  <system-err><![CDATA[Starting ChromeDriver 80.0.3987.106 (f68069574609230cf9b635cd784cfb1bf81bb53a-refs/branch-heads/3987@{#882}) on port 36540
Only local connections are allowed.
Please protect ports used by ChromeDriver and related test frameworks to prevent access by malicious code.
[1582377189.259][WARNING]: Timed out connecting to Chrome, retrying...
Feb 22, 2020 3:13:11 PM org.openqa.selenium.remote.ProtocolHandshake createSession
INFO: Detected dialect: W3C
[1582377192.437][SEVERE]: Timed out receiving message from renderer: 0.100
[1582377192.544][SEVERE]: Timed out receiving message from renderer: 0.100
[1582377192.649][SEVERE]: Timed out receiving message from renderer: 0.100
[1582377192.752][SEVERE]: Timed out receiving message from renderer: 0.100
[1582377193.029][SEVERE]: Timed out receiving message from renderer: 0.100
[1582377193.269][SEVERE]: Timed out receiving message from renderer: 0.100
[1582377193.756][SEVERE]: Timed out receiving message from renderer: 0.100
[1582377193.860][SEVERE]: Timed out receiving message from renderer: 0.100
[1582377193.964][SEVERE]: Timed out receiving message from renderer: 0.100
[1582377194.068][SEVERE]: Timed out receiving message from renderer: 0.100
[1582377194.175][SEVERE]: Timed out receiving message from renderer: 0.100
[1582377195.847][SEVERE]: Timed out receiving message from renderer: 0.100
[1582377198.834][SEVERE]: Timed out receiving message from renderer: 0.100
[1582377199.337][SEVERE]: Timed out receiving message from renderer: 0.100
[1582377199.443][SEVERE]: Timed out receiving message from renderer: 0.100
[1582377201.305][SEVERE]: Timed out receiving message from renderer: 0.100
[1582377201.418][SEVERE]: Timed out receiving message from renderer: 0.100
[1582377201.521][SEVERE]: Timed out receiving message from renderer: 0.100
[1582377201.624][SEVERE]: Timed out receiving message from renderer: 0.100
]]></system-err>
</testsuite>
