<?xml version="1.0" encoding="UTF-8"?>
<testsuite name="com.telran.qa20.sandbox.Lesson2.WikiHomePageTest" tests="1" skipped="0" failures="0" errors="0" timestamp="2020-02-23T11:28:21" hostname="Vladimir" time="1.87">
  <properties/>
  <testcase name="testOpeningEnglishWiki" classname="com.telran.qa20.sandbox.Lesson2.WikiHomePageTest" time="1.87"/>
  <system-out><![CDATA[https://en.wikipedia.org/wiki/Main_Page
]]></system-out>
  <system-err><![CDATA[Starting ChromeDriver 80.0.3987.106 (f68069574609230cf9b635cd784cfb1bf81bb53a-refs/branch-heads/3987@{#882}) on port 49029
Only local connections are allowed.
Please protect ports used by ChromeDriver and related test frameworks to prevent access by malicious code.
[1582457297.776][WARNING]: Timed out connecting to Chrome, retrying...
Feb 23, 2020 1:28:19 PM org.openqa.selenium.remote.ProtocolHandshake createSession
INFO: Detected dialect: W3C
[1582457301.383][SEVERE]: Timed out receiving message from renderer: 0.100
[1582457302.922][SEVERE]: Timed out receiving message from renderer: 0.100
[1582457303.027][SEVERE]: Timed out receiving message from renderer: 0.100
]]></system-err>
</testsuite>
