<?xml version="1.0" encoding="UTF-8"?>
<testsuite name="OpenChromeTest" tests="1" skipped="0" failures="0" errors="0" timestamp="2020-02-21T14:26:48" hostname="Vladimir" time="2.763">
  <properties/>
  <testcase name="openChromeTest" classname="OpenChromeTest" time="2.763"/>
  <system-out><![CDATA[]]></system-out>
  <system-err><![CDATA[1582295202282	mozrunner::runner	INFO	Running command: "C:\\Program Files\\Mozilla Firefox\\firefox.exe" "-marionette" "-foreground" "-no-remote" "-profile" "C:\\Users\\User\\AppData\\Local\\Temp\\rust_mozprofileK6g3Oj"
1582295203273	addons.webextension.doh-rollout@mozilla.org	WARN	Loading extension 'doh-rollout@mozilla.org': Reading manifest: Invalid extension permission: networkStatus
1582295203956	addons.webextension.screenshots@mozilla.org	WARN	Loading extension 'screenshots@mozilla.org': Reading manifest: Invalid extension permission: mozillaAddons
1582295203956	addons.webextension.screenshots@mozilla.org	WARN	Loading extension 'screenshots@mozilla.org': Reading manifest: Invalid extension permission: telemetry
1582295203956	addons.webextension.screenshots@mozilla.org	WARN	Loading extension 'screenshots@mozilla.org': Reading manifest: Invalid extension permission: resource://pdf.js/
1582295203956	addons.webextension.screenshots@mozilla.org	WARN	Loading extension 'screenshots@mozilla.org': Reading manifest: Invalid extension permission: about:reader*
JavaScript error: resource://gre/modules/XULStore.jsm, line 66: Error: Can't find profile directory.
1582295207754	Marionette	INFO	Listening on port 64615
1582295208093	Marionette	WARN	TLS certificate errors will be ignored for this session
Feb 21, 2020 4:26:48 PM org.openqa.selenium.remote.ProtocolHandshake createSession
INFO: Detected dialect: W3C
1582295211064	Marionette	INFO	Stopped listening on port 64615

###!!! [Child][RunMessage] Error: Channel closing: too late to send/recv, messages will be lost


###!!! [Child][MessageChannel::SendAndWait] Error: Channel error: cannot send/recv

]]></system-err>
</testsuite>
