<?xml version="1.0" encoding="UTF-8"?>
<testsuite name="com.inotex.addressbook.EditGroupTest" tests="1" skipped="0" failures="0" errors="0" timestamp="2020-02-29T19:12:53" hostname="Vladimir" time="2.455">
  <properties/>
  <testcase name="editGroupTest" classname="com.inotex.addressbook.EditGroupTest" time="2.455"/>
  <system-out><![CDATA[]]></system-out>
  <system-err><![CDATA[]]></system-err>
</testsuite>
