<?xml version="1.0" encoding="UTF-8"?>
<testsuite name="com.inotex.addressbook.tests.GroupModificationTests" tests="1" skipped="0" failures="0" errors="0" timestamp="2020-03-03T22:51:42" hostname="Vladimir" time="2.607">
  <properties/>
  <testcase name="groupModificationTest" classname="com.inotex.addressbook.tests.GroupModificationTests" time="2.607"/>
  <system-out><![CDATA[Groups
0: group name
1: M1583275707 group name
2: M1583275754 group name
3: M1583275818 group name
Choise Group #0
choise 0: group name
Groups now:
0: M1583275707 group name
1: M1583275754 group name
2: M1583275818 group name
3: M1583275903 group name
Choise Group#3
choise 3: M1583275903 group name
Verificate: M1583275903 group name & M1583275903 group name
]]></system-out>
  <system-err><![CDATA[Starting ChromeDriver 80.0.3987.106 (f68069574609230cf9b635cd784cfb1bf81bb53a-refs/branch-heads/3987@{#882}) on port 4259
Only local connections are allowed.
Please protect ports used by ChromeDriver and related test frameworks to prevent access by malicious code.
[1583275899.379][WARNING]: Timed out connecting to Chrome, retrying...
Mar 04, 2020 12:51:41 AM org.openqa.selenium.remote.ProtocolHandshake createSession
INFO: Detected dialect: W3C
]]></system-err>
</testsuite>
