<?xml version="1.0" encoding="UTF-8"?>
<testsuite name="com.inotex.addressbook.tests.ContactCreationTest" tests="1" skipped="0" failures="0" errors="0" timestamp="2020-03-09T12:29:38" hostname="Vladimir" time="11.77">
  <properties/>
  <testcase name="contactCreationTest" classname="com.inotex.addressbook.tests.ContactCreationTest" time="11.77"/>
  <system-out><![CDATA[contactCreationTest started...
Random number: 4
Random number: 7
Random number: 85
Birsday: 4 - 7 - 1935
Anniversary: 4 - 7 - 2025
the message is displayed
contacts before: 0 - contacts after: 1
groupCreationTests finished
]]></system-out>
  <system-err><![CDATA[Starting ChromeDriver 80.0.3987.106 (f68069574609230cf9b635cd784cfb1bf81bb53a-refs/branch-heads/3987@{#882}) on port 46779
Only local connections are allowed.
Please protect ports used by ChromeDriver and related test frameworks to prevent access by malicious code.
[1583756974.409][WARNING]: Timed out connecting to Chrome, retrying...
Mar 09, 2020 2:29:36 PM org.openqa.selenium.remote.ProtocolHandshake createSession
INFO: Detected dialect: W3C
]]></system-err>
</testsuite>
