<?xml version="1.0" encoding="UTF-8"?>
<testsuite name="com.inotex.addressbook.tests.GroupDeletionTests" tests="1" skipped="0" failures="0" errors="0" timestamp="2020-03-03T22:51:54" hostname="Vladimir" time="0.783">
  <properties/>
  <testcase name="groupDeletionTest" classname="com.inotex.addressbook.tests.GroupDeletionTests" time="0.783"/>
  <system-out><![CDATA[Groups before: 4 Gruops after: 3
]]></system-out>
  <system-err><![CDATA[Starting ChromeDriver 80.0.3987.106 (f68069574609230cf9b635cd784cfb1bf81bb53a-refs/branch-heads/3987@{#882}) on port 14508
Only local connections are allowed.
Please protect ports used by ChromeDriver and related test frameworks to prevent access by malicious code.
[1583275911.022][WARNING]: Timed out connecting to Chrome, retrying...
Mar 04, 2020 12:51:53 AM org.openqa.selenium.remote.ProtocolHandshake createSession
INFO: Detected dialect: W3C
]]></system-err>
</testsuite>
