<?xml version="1.0" encoding="UTF-8"?>
<testsuite name="com.inotex.addressbook.tests.ContactModificationTest" tests="1" skipped="0" failures="0" errors="0" timestamp="2020-03-10T19:54:44" hostname="Vladimir" time="11.86">
  <properties/>
  <testcase name="contactModificationTest" classname="com.inotex.addressbook.tests.ContactModificationTest" time="11.86"/>
  <system-out><![CDATA[contactModificationTest started...
Contact:
firstName: #3_firstName
middleName: #3_middleName
lastName: #3_lastname
nickName: #3_nickname
title: #3_title
company: #3_company
address: #3_address
homePhone: #3_homePhone
mobilePhone: #3_mobilePhone
workPhone: #3_workPhone
fax: #3_fax
email: #3_email
email2: #3_email2
email3: #3_email3
homePage: #3_homePage
bday: 17
bmonth: March
byear: 2019
aday: 17
amonth: March
ayear: 2029
address2: #3_address2
homePhone2: #3_homePhone2
notes: #3_notes

Birsday: 4 - 2 - 1929
Anniversary: 4 - 2 - 2029
the message is displayed
contacts before: 3 - contacts after: 3
contactModificationTest finished
Contact:
firstName: #3_firstName***
middleName: #3_middleName***
lastName: #3_lastname***
nickName: #3_nickname***
title: #3_title***
company: #3_company***
address: #3_address***
homePhone: #3_homePhone***
mobilePhone: #3_mobilePhone***
workPhone: #3_workPhone***
fax: #3_fax***
email: #3_email***
email2: #3_email2***
email3: #3_email3***
homePage: #3_homePage***
bday: 3
bmonth: January
byear: 1929
aday: 3
amonth: January
ayear: 2029
address2: #3_address2***
homePhone2: #3_homePhone2***
notes: #3_notes***

]]></system-out>
  <system-err><![CDATA[Starting ChromeDriver 80.0.3987.106 (f68069574609230cf9b635cd784cfb1bf81bb53a-refs/branch-heads/3987@{#882}) on port 16391
Only local connections are allowed.
Please protect ports used by ChromeDriver and related test frameworks to prevent access by malicious code.
[1583870081.005][WARNING]: Timed out connecting to Chrome, retrying...
Mar 10, 2020 9:54:43 PM org.openqa.selenium.remote.ProtocolHandshake createSession
INFO: Detected dialect: W3C
]]></system-err>
</testsuite>
