<?xml version="1.0" encoding="UTF-8"?>
<testsuite name="com.inotex.addressbook.GroupCreationTests" tests="1" skipped="0" failures="0" errors="0" timestamp="2020-03-01T20:34:13" hostname="Vladimir" time="1.242">
  <properties/>
  <testcase name="groupCreationTest" classname="com.inotex.addressbook.GroupCreationTests" time="1.242"/>
  <system-out><![CDATA[Groups before: 6 Groups after: 7
]]></system-out>
  <system-err><![CDATA[]]></system-err>
</testsuite>
